<?xml version="1.0" encoding="UTF-8"?>
<!-- Generated by org.testng.reporters.JUnitReportReporter -->
<testsuite hostname="DESKTOP-6F8ABUR" failures="0" tests="1" name="tests.SignUpLoginTest" time="22.722" errors="0" timestamp="2025-08-28T20:30:20 IST" skipped="0">
  <testcase classname="tests.SignUpLoginTest" name="testRegisterUser" time="22.722"/>
</testsuite> <!-- tests.SignUpLoginTest -->
